Fortran source file: /tmp/src/goodbye_world.f90
 USING: Lexer: AbstractFortran90Lexer
 USING: Parser: Fortran90Parser
  Token start number: 0
  Token end number: 17
  Tokens:
    Token: program Type: 5
    Token:   Type: 119
    Token: goodbye Type: 188
    Token: \n   Type: 119
    Token: print Type: 74
    Token:   Type: 119
    Token: * Type: 192
    Token: , Type: 122
    Token:   Type: 119
    Token: 'Goodbye, World!' Type: 177
    Token: \n Type: 119
    Token: end Type: 12
    Token:   Type: 119
    Token: program Type: 5
    Token:   Type: 119
    Token: goodbye Type: 188
    Token: \n Type: 119
    Token: <EOF> Type: -1

  Parse tree JSON string:
    {
  "name": "ProgramContext",
  "text": "programgoodbyeprint*,'Goodbye, World!'endprogramgoodbye<EOF>",
  "children": [
    {
      "name": "ExecutableProgramContext",
      "text": "programgoodbyeprint*,'Goodbye, World!'endprogramgoodbye",
      "children": [
        {
          "name": "ProgramUnitContext",
          "text": "programgoodbyeprint*,'Goodbye, World!'endprogramgoodbye",
          "children": [
            {
              "name": "MainProgramContext",
              "text": "programgoodbyeprint*,'Goodbye, World!'endprogramgoodbye",
              "children": [
                {
                  "name": "ProgramStmtContext",
                  "text": "programgoodbye",
                  "children": [
                    {
                      "name": "TerminalNodeImpl",
                      "text": "program",
                      "children": [
                      ]
                    },
                    {
                      "name": "TerminalNodeImpl",
                      "text": "goodbye",
                      "children": [
                      ]
                    }
                  ]
                },
                {
                  "name": "MainRangeContext",
                  "text": "print*,'Goodbye, World!'endprogramgoodbye",
                  "children": [
                    {
                      "name": "BodyContext",
                      "text": "print*,'Goodbye, World!'",
                      "children": [
                        {
                          "name": "BodyConstructContext",
                          "text": "print*,'Goodbye, World!'",
                          "children": [
                            {
                              "name": "ExecutableConstructContext",
                              "text": "print*,'Goodbye, World!'",
                              "children": [
                                {
                                  "name": "ActionStmtContext",
                                  "text": "print*,'Goodbye, World!'",
                                  "children": [
                                    {
                                      "name": "PrintStmtContext",
                                      "text": "print*,'Goodbye, World!'",
                                      "children": [
                                        {
                                          "name": "TerminalNodeImpl",
                                          "text": "print",
                                          "children": [
                                          ]
                                        },
                                        {
                                          "name": "FormatIdentifierContext",
                                          "text": "*",
                                          "children": [
                                            {
                                              "name": "TerminalNodeImpl",
                                              "text": "*",
                                              "children": [
                                              ]
                                            }
                                          ]
                                        },
                                        {
                                          "name": "TerminalNodeImpl",
                                          "text": ",",
                                          "children": [
                                          ]
                                        },
                                        {
                                          "name": "OutputItemListContext",
                                          "text": "'Goodbye, World!'",
                                          "children": [
                                            {
                                              "name": "ExpressionContext",
                                              "text": "'Goodbye, World!'",
                                              "children": [
                                                {
                                                  "name": "Level5ExprContext",
                                                  "text": "'Goodbye, World!'",
                                                  "children": [
                                                    {
                                                      "name": "EquivOperandContext",
                                                      "text": "'Goodbye, World!'",
                                                      "children": [
                                                        {
                                                          "name": "OrOperandContext",
                                                          "text": "'Goodbye, World!'",
                                                          "children": [
                                                            {
                                                              "name": "AndOperandContext",
                                                              "text": "'Goodbye, World!'",
                                                              "children": [
                                                                {
                                                                  "name": "Level4ExprContext",
                                                                  "text": "'Goodbye, World!'",
                                                                  "children": [
                                                                    {
                                                                      "name": "Level3ExprContext",
                                                                      "text": "'Goodbye, World!'",
                                                                      "children": [
                                                                        {
                                                                          "name": "Level2ExprContext",
                                                                          "text": "'Goodbye, World!'",
                                                                          "children": [
                                                                            {
                                                                              "name": "AddOperandContext",
                                                                              "text": "'Goodbye, World!'",
                                                                              "children": [
                                                                                {
                                                                                  "name": "MultOperandContext",
                                                                                  "text": "'Goodbye, World!'",
                                                                                  "children": [
                                                                                    {
                                                                                      "name": "Level1ExprContext",
                                                                                      "text": "'Goodbye, World!'",
                                                                                      "children": [
                                                                                        {
                                                                                          "name": "PrimaryContext",
                                                                                          "text": "'Goodbye, World!'",
                                                                                          "children": [
                                                                                            {
                                                                                              "name": "TerminalNodeImpl",
                                                                                              "text": "'Goodbye, World!'",
                                                                                              "children": [
                                                                                              ]
                                                                                            }
                                                                                          ]
                                                                                        }
                                                                                      ]
                                                                                    }
                                                                                  ]
                                                                                }
                                                                              ]
                                                                            }
                                                                          ]
                                                                        }
                                                                      ]
                                                                    }
                                                                  ]
                                                                }
                                                              ]
                                                            }
                                                          ]
                                                        }
                                                      ]
                                                    }
                                                  ]
                                                }
                                              ]
                                            }
                                          ]
                                        }
                                      ]
                                    }
                                  ]
                                }
                              ]
                            }
                          ]
                        }
                      ]
                    },
                    {
                      "name": "EndProgramStmtContext",
                      "text": "endprogramgoodbye",
                      "children": [
                        {
                          "name": "TerminalNodeImpl",
                          "text": "end",
                          "children": [
                          ]
                        },
                        {
                          "name": "TerminalNodeImpl",
                          "text": "program",
                          "children": [
                          ]
                        },
                        {
                          "name": "TerminalNodeImpl",
                          "text": "goodbye",
                          "children": [
                          ]
                        }
                      ]
                    }
                  ]
                }
              ]
            }
          ]
        }
      ]
    },
    {
      "name": "TerminalNodeImpl",
      "text": "<EOF>",
      "children": [
      ]
    }
  ]
}

  Abstract syntax tree JSON string:
    {
  "name": "ProgramContext",
  "text": "programgoodbyeprint*,'Goodbye, World!'endprogramgoodbye<EOF>",
  "children": [
    {
      "name": "ExecutableProgramContext",
      "text": "programgoodbyeprint*,'Goodbye, World!'endprogramgoodbye",
      "children": [
        {
          "name": "ProgramUnitContext",
          "text": "programgoodbyeprint*,'Goodbye, World!'endprogramgoodbye",
          "children": [
            {
              "name": "MainProgramContext",
              "text": "programgoodbyeprint*,'Goodbye, World!'endprogramgoodbye",
              "children": [
                {
                  "name": "ProgramStmtContext",
                  "text": "programgoodbye",
                  "children": [
                    {
                      "name": "TerminalNodeImpl",
                      "text": "program",
                      "children": [
                      ]
                    },
                    {
                      "name": "TerminalNodeImpl",
                      "text": "goodbye",
                      "children": [
                      ]
                    }
                  ]
                },
                {
                  "name": "MainRangeContext",
                  "text": "print*,'Goodbye, World!'endprogramgoodbye",
                  "children": [
                    {
                      "name": "BodyContext",
                      "text": "print*,'Goodbye, World!'",
                      "children": [
                        {
                          "name": "BodyConstructContext",
                          "text": "print*,'Goodbye, World!'",
                          "children": [
                            {
                              "name": "ExecutableConstructContext",
                              "text": "print*,'Goodbye, World!'",
                              "children": [
                                {
                                  "name": "ActionStmtContext",
                                  "text": "print*,'Goodbye, World!'",
                                  "children": [
                                    {
                                      "name": "PrintStmtContext",
                                      "text": "print*,'Goodbye, World!'",
                                      "children": [
                                        {
                                          "name": "TerminalNodeImpl",
                                          "text": "print",
                                          "children": [
                                          ]
                                        },
                                        {
                                          "name": "FormatIdentifierContext",
                                          "text": "*",
                                          "children": [
                                            {
                                              "name": "TerminalNodeImpl",
                                              "text": "*",
                                              "children": [
                                              ]
                                            }
                                          ]
                                        },
                                        {
                                          "name": "TerminalNodeImpl",
                                          "text": ",",
                                          "children": [
                                          ]
                                        },
                                        {
                                          "name": "OutputItemListContext",
                                          "text": "'Goodbye, World!'",
                                          "children": [
                                            {
                                              "name": "ExpressionContext",
                                              "text": "'Goodbye, World!'",
                                              "children": [
                                                {
                                                  "name": "Level5ExprContext",
                                                  "text": "'Goodbye, World!'",
                                                  "children": [
                                                    {
                                                      "name": "EquivOperandContext",
                                                      "text": "'Goodbye, World!'",
                                                      "children": [
                                                        {
                                                          "name": "OrOperandContext",
                                                          "text": "'Goodbye, World!'",
                                                          "children": [
                                                            {
                                                              "name": "AndOperandContext",
                                                              "text": "'Goodbye, World!'",
                                                              "children": [
                                                                {
                                                                  "name": "Level4ExprContext",
                                                                  "text": "'Goodbye, World!'",
                                                                  "children": [
                                                                    {
                                                                      "name": "Level3ExprContext",
                                                                      "text": "'Goodbye, World!'",
                                                                      "children": [
                                                                        {
                                                                          "name": "Level2ExprContext",
                                                                          "text": "'Goodbye, World!'",
                                                                          "children": [
                                                                            {
                                                                              "name": "AddOperandContext",
                                                                              "text": "'Goodbye, World!'",
                                                                              "children": [
                                                                                {
                                                                                  "name": "MultOperandContext",
                                                                                  "text": "'Goodbye, World!'",
                                                                                  "children": [
                                                                                    {
                                                                                      "name": "Level1ExprContext",
                                                                                      "text": "'Goodbye, World!'",
                                                                                      "children": [
                                                                                        {
                                                                                          "name": "PrimaryContext",
                                                                                          "text": "'Goodbye, World!'",
                                                                                          "children": [
                                                                                            {
                                                                                              "name": "TerminalNodeImpl",
                                                                                              "text": "'Goodbye, World!'",
                                                                                              "children": [
                                                                                              ]
                                                                                            }
                                                                                          ]
                                                                                        }
                                                                                      ]
                                                                                    }
                                                                                  ]
                                                                                }
                                                                              ]
                                                                            }
                                                                          ]
                                                                        }
                                                                      ]
                                                                    }
                                                                  ]
                                                                }
                                                              ]
                                                            }
                                                          ]
                                                        }
                                                      ]
                                                    }
                                                  ]
                                                }
                                              ]
                                            }
                                          ]
                                        }
                                      ]
                                    }
                                  ]
                                }
                              ]
                            }
                          ]
                        }
                      ]
                    },
                    {
                      "name": "EndProgramStmtContext",
                      "text": "endprogramgoodbye",
                      "children": [
                        {
                          "name": "TerminalNodeImpl",
                          "text": "end",
                          "children": [
                          ]
                        },
                        {
                          "name": "TerminalNodeImpl",
                          "text": "program",
                          "children": [
                          ]
                        },
                        {
                          "name": "TerminalNodeImpl",
                          "text": "goodbye",
                          "children": [
                          ]
                        }
                      ]
                    }
                  ]
                }
              ]
            }
          ]
        }
      ]
    },
    {
      "name": "TerminalNodeImpl",
      "text": "<EOF>",
      "children": [
      ]
    }
  ]
}

  Parse tree DOT string:
    strict digraph ParseTree {
  node [shape=box];
"0" [label="\lRule:: \nProgramContext \n\lValue:: \nprogramgoodbyeprint*,'Goodbye, World!'endprogramgoodbye<EOF> \n\lToken Count:: \n17 \n\lToken Range:: \n0 - 17 \n\lLine Count:: \n3 \n\lLine Range:: \n1 - 4 \n\lSource Code:: \nprogram goodbye
  print *, 'Goodbye, World!'
end program goodbye
 \n"] 
"0" -> "1" 
"1" [label="\lRule:: \nExecutableProgramContext \n\lValue:: \nprogramgoodbyeprint*,'Goodbye, World!'endprogramgoodbye \n\lToken Count:: \n15 \n\lToken Range:: \n0 - 15 \n\lLine Count:: \n2 \n\lLine Range:: \n1 - 3 \n\lSource Code:: \nprogram goodbye
  print *, 'Goodbye, World!'
end program goodbye
 \n"] 
"1" -> "2" 
"2" [label="\lRule:: \nProgramUnitContext \n\lValue:: \nprogramgoodbyeprint*,'Goodbye, World!'endprogramgoodbye \n\lToken Count:: \n15 \n\lToken Range:: \n0 - 15 \n\lLine Count:: \n2 \n\lLine Range:: \n1 - 3 \n\lSource Code:: \nprogram goodbye
  print *, 'Goodbye, World!'
end program goodbye
 \n"] 
"2" -> "3" 
"3" [label="\lRule:: \nMainProgramContext \n\lValue:: \nprogramgoodbyeprint*,'Goodbye, World!'endprogramgoodbye \n\lToken Count:: \n15 \n\lToken Range:: \n0 - 15 \n\lLine Count:: \n2 \n\lLine Range:: \n1 - 3 \n\lSource Code:: \nprogram goodbye
  print *, 'Goodbye, World!'
end program goodbye
 \n"] 
"3" -> "4" 
"4" [label="\lRule:: \nProgramStmtContext \n\lValue:: \nprogramgoodbye \n\lToken Count:: \n2 \n\lToken Range:: \n0 - 2 \n\lLine Count:: \n0 \n\lLine Range:: \n1 - 1 \n\lSource Code:: \nprogram goodbye
 \n"] 
"4" -> "5" 
"5" [label="\lRule:: \nTerminalNodeImpl \n\lValue:: \nprogram \n\lToken Count:: \n2 \n\lToken Range:: \n0 - 2 \n\lLine Count:: \n0 \n\lLine Range:: \n1 - 1 \n\lSource Code:: \nprogram goodbye
 \n"] 
"4" -> "6" 
"6" [label="\lRule:: \nTerminalNodeImpl \n\lValue:: \ngoodbye \n\lToken Count:: \n2 \n\lToken Range:: \n0 - 2 \n\lLine Count:: \n0 \n\lLine Range:: \n1 - 1 \n\lSource Code:: \nprogram goodbye
 \n"] 
"3" -> "7" 
"7" [label="\lRule:: \nMainRangeContext \n\lValue:: \nprint*,'Goodbye, World!'endprogramgoodbye \n\lToken Count:: \n11 \n\lToken Range:: \n4 - 15 \n\lLine Count:: \n2 \n\lLine Range:: \n1 - 3 \n\lSource Code:: \nprogram goodbye
  print *, 'Goodbye, World!'
end program goodbye
 \n"] 
"7" -> "8" 
"8" [label="\lRule:: \nBodyContext \n\lValue:: \nprint*,'Goodbye, World!' \n\lToken Count:: \n5 \n\lToken Range:: \n4 - 9 \n\lLine Count:: \n1 \n\lLine Range:: \n1 - 2 \n\lSource Code:: \nprogram goodbye
  print *, 'Goodbye, World!'
 \n"] 
"8" -> "9" 
"9" [label="\lRule:: \nBodyConstructContext \n\lValue:: \nprint*,'Goodbye, World!' \n\lToken Count:: \n5 \n\lToken Range:: \n4 - 9 \n\lLine Count:: \n1 \n\lLine Range:: \n1 - 2 \n\lSource Code:: \nprogram goodbye
  print *, 'Goodbye, World!'
 \n"] 
"9" -> "10" 
"10" [label="\lRule:: \nExecutableConstructContext \n\lValue:: \nprint*,'Goodbye, World!' \n\lToken Count:: \n5 \n\lToken Range:: \n4 - 9 \n\lLine Count:: \n1 \n\lLine Range:: \n1 - 2 \n\lSource Code:: \nprogram goodbye
  print *, 'Goodbye, World!'
 \n"] 
"10" -> "11" 
"11" [label="\lRule:: \nActionStmtContext \n\lValue:: \nprint*,'Goodbye, World!' \n\lToken Count:: \n5 \n\lToken Range:: \n4 - 9 \n\lLine Count:: \n1 \n\lLine Range:: \n1 - 2 \n\lSource Code:: \nprogram goodbye
  print *, 'Goodbye, World!'
 \n"] 
"11" -> "12" 
"12" [label="\lRule:: \nPrintStmtContext \n\lValue:: \nprint*,'Goodbye, World!' \n\lToken Count:: \n5 \n\lToken Range:: \n4 - 9 \n\lLine Count:: \n1 \n\lLine Range:: \n1 - 2 \n\lSource Code:: \nprogram goodbye
  print *, 'Goodbye, World!'
 \n"] 
"12" -> "13" 
"13" [label="\lRule:: \nTerminalNodeImpl \n\lValue:: \nprint \n\lToken Count:: \n5 \n\lToken Range:: \n4 - 9 \n\lLine Count:: \n1 \n\lLine Range:: \n1 - 2 \n\lSource Code:: \nprogram goodbye
  print *, 'Goodbye, World!'
 \n"] 
"12" -> "14" 
"14" [label="\lRule:: \nFormatIdentifierContext \n\lValue:: \n* \n\lToken Count:: \n0 \n\lToken Range:: \n6 - 6 \n\lLine Count:: \n0 \n\lLine Range:: \n2 - 2 \n\lSource Code:: \n  print *, 'Goodbye, World!'
 \n"] 
"14" -> "15" 
"15" [label="\lRule:: \nTerminalNodeImpl \n\lValue:: \n* \n\lToken Count:: \n0 \n\lToken Range:: \n6 - 6 \n\lLine Count:: \n0 \n\lLine Range:: \n2 - 2 \n\lSource Code:: \n  print *, 'Goodbye, World!'
 \n"] 
"12" -> "16" 
"16" [label="\lRule:: \nTerminalNodeImpl \n\lValue:: \n, \n\lToken Count:: \n5 \n\lToken Range:: \n4 - 9 \n\lLine Count:: \n1 \n\lLine Range:: \n1 - 2 \n\lSource Code:: \nprogram goodbye
  print *, 'Goodbye, World!'
 \n"] 
"12" -> "17" 
"17" [label="\lRule:: \nOutputItemListContext \n\lValue:: \n'Goodbye, World!' \n\lToken Count:: \n0 \n\lToken Range:: \n9 - 9 \n\lLine Count:: \n0 \n\lLine Range:: \n2 - 2 \n\lSource Code:: \n  print *, 'Goodbye, World!'
 \n"] 
"17" -> "18" 
"18" [label="\lRule:: \nExpressionContext \n\lValue:: \n'Goodbye, World!' \n\lToken Count:: \n0 \n\lToken Range:: \n9 - 9 \n\lLine Count:: \n0 \n\lLine Range:: \n2 - 2 \n\lSource Code:: \n  print *, 'Goodbye, World!'
 \n"] 
"18" -> "19" 
"19" [label="\lRule:: \nLevel5ExprContext \n\lValue:: \n'Goodbye, World!' \n\lToken Count:: \n0 \n\lToken Range:: \n9 - 9 \n\lLine Count:: \n0 \n\lLine Range:: \n2 - 2 \n\lSource Code:: \n  print *, 'Goodbye, World!'
 \n"] 
"19" -> "20" 
"20" [label="\lRule:: \nEquivOperandContext \n\lValue:: \n'Goodbye, World!' \n\lToken Count:: \n0 \n\lToken Range:: \n9 - 9 \n\lLine Count:: \n0 \n\lLine Range:: \n2 - 2 \n\lSource Code:: \n  print *, 'Goodbye, World!'
 \n"] 
"20" -> "21" 
"21" [label="\lRule:: \nOrOperandContext \n\lValue:: \n'Goodbye, World!' \n\lToken Count:: \n0 \n\lToken Range:: \n9 - 9 \n\lLine Count:: \n0 \n\lLine Range:: \n2 - 2 \n\lSource Code:: \n  print *, 'Goodbye, World!'
 \n"] 
"21" -> "22" 
"22" [label="\lRule:: \nAndOperandContext \n\lValue:: \n'Goodbye, World!' \n\lToken Count:: \n0 \n\lToken Range:: \n9 - 9 \n\lLine Count:: \n0 \n\lLine Range:: \n2 - 2 \n\lSource Code:: \n  print *, 'Goodbye, World!'
 \n"] 
"22" -> "23" 
"23" [label="\lRule:: \nLevel4ExprContext \n\lValue:: \n'Goodbye, World!' \n\lToken Count:: \n0 \n\lToken Range:: \n9 - 9 \n\lLine Count:: \n0 \n\lLine Range:: \n2 - 2 \n\lSource Code:: \n  print *, 'Goodbye, World!'
 \n"] 
"23" -> "24" 
"24" [label="\lRule:: \nLevel3ExprContext \n\lValue:: \n'Goodbye, World!' \n\lToken Count:: \n0 \n\lToken Range:: \n9 - 9 \n\lLine Count:: \n0 \n\lLine Range:: \n2 - 2 \n\lSource Code:: \n  print *, 'Goodbye, World!'
 \n"] 
"24" -> "25" 
"25" [label="\lRule:: \nLevel2ExprContext \n\lValue:: \n'Goodbye, World!' \n\lToken Count:: \n0 \n\lToken Range:: \n9 - 9 \n\lLine Count:: \n0 \n\lLine Range:: \n2 - 2 \n\lSource Code:: \n  print *, 'Goodbye, World!'
 \n"] 
"25" -> "26" 
"26" [label="\lRule:: \nAddOperandContext \n\lValue:: \n'Goodbye, World!' \n\lToken Count:: \n0 \n\lToken Range:: \n9 - 9 \n\lLine Count:: \n0 \n\lLine Range:: \n2 - 2 \n\lSource Code:: \n  print *, 'Goodbye, World!'
 \n"] 
"26" -> "27" 
"27" [label="\lRule:: \nMultOperandContext \n\lValue:: \n'Goodbye, World!' \n\lToken Count:: \n0 \n\lToken Range:: \n9 - 9 \n\lLine Count:: \n0 \n\lLine Range:: \n2 - 2 \n\lSource Code:: \n  print *, 'Goodbye, World!'
 \n"] 
"27" -> "28" 
"28" [label="\lRule:: \nLevel1ExprContext \n\lValue:: \n'Goodbye, World!' \n\lToken Count:: \n0 \n\lToken Range:: \n9 - 9 \n\lLine Count:: \n0 \n\lLine Range:: \n2 - 2 \n\lSource Code:: \n  print *, 'Goodbye, World!'
 \n"] 
"28" -> "29" 
"29" [label="\lRule:: \nPrimaryContext \n\lValue:: \n'Goodbye, World!' \n\lToken Count:: \n0 \n\lToken Range:: \n9 - 9 \n\lLine Count:: \n0 \n\lLine Range:: \n2 - 2 \n\lSource Code:: \n  print *, 'Goodbye, World!'
 \n"] 
"29" -> "30" 
"30" [label="\lRule:: \nTerminalNodeImpl \n\lValue:: \n'Goodbye, World!' \n\lToken Count:: \n0 \n\lToken Range:: \n9 - 9 \n\lLine Count:: \n0 \n\lLine Range:: \n2 - 2 \n\lSource Code:: \n  print *, 'Goodbye, World!'
 \n"] 
"7" -> "31" 
"31" [label="\lRule:: \nEndProgramStmtContext \n\lValue:: \nendprogramgoodbye \n\lToken Count:: \n4 \n\lToken Range:: \n11 - 15 \n\lLine Count:: \n1 \n\lLine Range:: \n2 - 3 \n\lSource Code:: \n  print *, 'Goodbye, World!'
end program goodbye
 \n"] 
"31" -> "32" 
"32" [label="\lRule:: \nTerminalNodeImpl \n\lValue:: \nend \n\lToken Count:: \n4 \n\lToken Range:: \n11 - 15 \n\lLine Count:: \n1 \n\lLine Range:: \n2 - 3 \n\lSource Code:: \n  print *, 'Goodbye, World!'
end program goodbye
 \n"] 
"31" -> "33" 
"33" [label="\lRule:: \nTerminalNodeImpl \n\lValue:: \nprogram \n\lToken Count:: \n4 \n\lToken Range:: \n11 - 15 \n\lLine Count:: \n1 \n\lLine Range:: \n2 - 3 \n\lSource Code:: \n  print *, 'Goodbye, World!'
end program goodbye
 \n"] 
"31" -> "34" 
"34" [label="\lRule:: \nTerminalNodeImpl \n\lValue:: \ngoodbye \n\lToken Count:: \n4 \n\lToken Range:: \n11 - 15 \n\lLine Count:: \n1 \n\lLine Range:: \n2 - 3 \n\lSource Code:: \n  print *, 'Goodbye, World!'
end program goodbye
 \n"] 
"0" -> "35" 
"35" [label="\lRule:: \nTerminalNodeImpl \n\lValue:: \n<EOF> \n\lToken Count:: \n17 \n\lToken Range:: \n0 - 17 \n\lLine Count:: \n3 \n\lLine Range:: \n1 - 4 \n\lSource Code:: \nprogram goodbye
  print *, 'Goodbye, World!'
end program goodbye
 \n"] 
}


  Abstract syntax tree DOT string:
    strict digraph ParseTree {
  node [shape=box];
"programgoodbyeprint*,'Goodbye, World!'endprogramgoodbye<EOF>017" [label="\lRule:: \nProgramContext \n\lValue:: \nprogramgoodbyeprint*,'Goodbye, World!'endprogramgoodbye<EOF> \n\lToken Count:: \n17 \n\lToken Range:: \n0 - 17 \n\lLine Count:: \n3 \n\lLine Range:: \n1 - 4 \n\lSource Code:: \nprogram goodbye
  print *, 'Goodbye, World!'
end program goodbye
 \n"] 
"programgoodbyeprint*,'Goodbye, World!'endprogramgoodbye<EOF>017" -> "programgoodbyeprint*,'Goodbye, World!'endprogramgoodbye015" 
"programgoodbyeprint*,'Goodbye, World!'endprogramgoodbye015" [label="\lRule:: \nExecutableProgramContext \n\lValue:: \nprogramgoodbyeprint*,'Goodbye, World!'endprogramgoodbye \n\lToken Count:: \n15 \n\lToken Range:: \n0 - 15 \n\lLine Count:: \n2 \n\lLine Range:: \n1 - 3 \n\lSource Code:: \nprogram goodbye
  print *, 'Goodbye, World!'
end program goodbye
 \n"] 
"programgoodbyeprint*,'Goodbye, World!'endprogramgoodbye015" [label="\lRule:: \nProgramUnitContext \n\lValue:: \nprogramgoodbyeprint*,'Goodbye, World!'endprogramgoodbye \n\lToken Count:: \n15 \n\lToken Range:: \n0 - 15 \n\lLine Count:: \n2 \n\lLine Range:: \n1 - 3 \n\lSource Code:: \nprogram goodbye
  print *, 'Goodbye, World!'
end program goodbye
 \n"] 
"programgoodbyeprint*,'Goodbye, World!'endprogramgoodbye015" [label="\lRule:: \nMainProgramContext \n\lValue:: \nprogramgoodbyeprint*,'Goodbye, World!'endprogramgoodbye \n\lToken Count:: \n15 \n\lToken Range:: \n0 - 15 \n\lLine Count:: \n2 \n\lLine Range:: \n1 - 3 \n\lSource Code:: \nprogram goodbye
  print *, 'Goodbye, World!'
end program goodbye
 \n"] 
"programgoodbyeprint*,'Goodbye, World!'endprogramgoodbye015" -> "programgoodbye02" 
"programgoodbye02" [label="\lRule:: \nProgramStmtContext \n\lValue:: \nprogramgoodbye \n\lToken Count:: \n2 \n\lToken Range:: \n0 - 2 \n\lLine Count:: \n0 \n\lLine Range:: \n1 - 1 \n\lSource Code:: \nprogram goodbye
 \n"] 
"programgoodbye02" -> "program02" 
"program02" [label="\lRule:: \nTerminalNodeImpl \n\lValue:: \nprogram \n\lToken Count:: \n2 \n\lToken Range:: \n0 - 2 \n\lLine Count:: \n0 \n\lLine Range:: \n1 - 1 \n\lSource Code:: \nprogram goodbye
 \n"] 
"programgoodbye02" -> "goodbye02" 
"goodbye02" [label="\lRule:: \nTerminalNodeImpl \n\lValue:: \ngoodbye \n\lToken Count:: \n2 \n\lToken Range:: \n0 - 2 \n\lLine Count:: \n0 \n\lLine Range:: \n1 - 1 \n\lSource Code:: \nprogram goodbye
 \n"] 
"programgoodbyeprint*,'Goodbye, World!'endprogramgoodbye015" -> "print*,'Goodbye, World!'endprogramgoodbye415" 
"print*,'Goodbye, World!'endprogramgoodbye415" [label="\lRule:: \nMainRangeContext \n\lValue:: \nprint*,'Goodbye, World!'endprogramgoodbye \n\lToken Count:: \n11 \n\lToken Range:: \n4 - 15 \n\lLine Count:: \n2 \n\lLine Range:: \n1 - 3 \n\lSource Code:: \nprogram goodbye
  print *, 'Goodbye, World!'
end program goodbye
 \n"] 
"print*,'Goodbye, World!'endprogramgoodbye415" -> "print*,'Goodbye, World!'49" 
"print*,'Goodbye, World!'49" [label="\lRule:: \nBodyContext \n\lValue:: \nprint*,'Goodbye, World!' \n\lToken Count:: \n5 \n\lToken Range:: \n4 - 9 \n\lLine Count:: \n1 \n\lLine Range:: \n1 - 2 \n\lSource Code:: \nprogram goodbye
  print *, 'Goodbye, World!'
 \n"] 
"print*,'Goodbye, World!'49" [label="\lRule:: \nBodyConstructContext \n\lValue:: \nprint*,'Goodbye, World!' \n\lToken Count:: \n5 \n\lToken Range:: \n4 - 9 \n\lLine Count:: \n1 \n\lLine Range:: \n1 - 2 \n\lSource Code:: \nprogram goodbye
  print *, 'Goodbye, World!'
 \n"] 
"print*,'Goodbye, World!'49" [label="\lRule:: \nExecutableConstructContext \n\lValue:: \nprint*,'Goodbye, World!' \n\lToken Count:: \n5 \n\lToken Range:: \n4 - 9 \n\lLine Count:: \n1 \n\lLine Range:: \n1 - 2 \n\lSource Code:: \nprogram goodbye
  print *, 'Goodbye, World!'
 \n"] 
"print*,'Goodbye, World!'49" [label="\lRule:: \nActionStmtContext \n\lValue:: \nprint*,'Goodbye, World!' \n\lToken Count:: \n5 \n\lToken Range:: \n4 - 9 \n\lLine Count:: \n1 \n\lLine Range:: \n1 - 2 \n\lSource Code:: \nprogram goodbye
  print *, 'Goodbye, World!'
 \n"] 
"print*,'Goodbye, World!'49" [label="\lRule:: \nPrintStmtContext \n\lValue:: \nprint*,'Goodbye, World!' \n\lToken Count:: \n5 \n\lToken Range:: \n4 - 9 \n\lLine Count:: \n1 \n\lLine Range:: \n1 - 2 \n\lSource Code:: \nprogram goodbye
  print *, 'Goodbye, World!'
 \n"] 
"print*,'Goodbye, World!'49" -> "print49" 
"print49" [label="\lRule:: \nTerminalNodeImpl \n\lValue:: \nprint \n\lToken Count:: \n5 \n\lToken Range:: \n4 - 9 \n\lLine Count:: \n1 \n\lLine Range:: \n1 - 2 \n\lSource Code:: \nprogram goodbye
  print *, 'Goodbye, World!'
 \n"] 
"print*,'Goodbye, World!'49" -> "*66" 
"*66" [label="\lRule:: \nFormatIdentifierContext \n\lValue:: \n* \n\lToken Count:: \n0 \n\lToken Range:: \n6 - 6 \n\lLine Count:: \n0 \n\lLine Range:: \n2 - 2 \n\lSource Code:: \n  print *, 'Goodbye, World!'
 \n"] 
"*66" [label="\lRule:: \nTerminalNodeImpl \n\lValue:: \n* \n\lToken Count:: \n0 \n\lToken Range:: \n6 - 6 \n\lLine Count:: \n0 \n\lLine Range:: \n2 - 2 \n\lSource Code:: \n  print *, 'Goodbye, World!'
 \n"] 
"print*,'Goodbye, World!'49" -> ",49" 
",49" [label="\lRule:: \nTerminalNodeImpl \n\lValue:: \n, \n\lToken Count:: \n5 \n\lToken Range:: \n4 - 9 \n\lLine Count:: \n1 \n\lLine Range:: \n1 - 2 \n\lSource Code:: \nprogram goodbye
  print *, 'Goodbye, World!'
 \n"] 
"print*,'Goodbye, World!'49" -> "'Goodbye, World!'99" 
"'Goodbye, World!'99" [label="\lRule:: \nOutputItemListContext \n\lValue:: \n'Goodbye, World!' \n\lToken Count:: \n0 \n\lToken Range:: \n9 - 9 \n\lLine Count:: \n0 \n\lLine Range:: \n2 - 2 \n\lSource Code:: \n  print *, 'Goodbye, World!'
 \n"] 
"'Goodbye, World!'99" [label="\lRule:: \nExpressionContext \n\lValue:: \n'Goodbye, World!' \n\lToken Count:: \n0 \n\lToken Range:: \n9 - 9 \n\lLine Count:: \n0 \n\lLine Range:: \n2 - 2 \n\lSource Code:: \n  print *, 'Goodbye, World!'
 \n"] 
"'Goodbye, World!'99" [label="\lRule:: \nLevel5ExprContext \n\lValue:: \n'Goodbye, World!' \n\lToken Count:: \n0 \n\lToken Range:: \n9 - 9 \n\lLine Count:: \n0 \n\lLine Range:: \n2 - 2 \n\lSource Code:: \n  print *, 'Goodbye, World!'
 \n"] 
"'Goodbye, World!'99" [label="\lRule:: \nEquivOperandContext \n\lValue:: \n'Goodbye, World!' \n\lToken Count:: \n0 \n\lToken Range:: \n9 - 9 \n\lLine Count:: \n0 \n\lLine Range:: \n2 - 2 \n\lSource Code:: \n  print *, 'Goodbye, World!'
 \n"] 
"'Goodbye, World!'99" [label="\lRule:: \nOrOperandContext \n\lValue:: \n'Goodbye, World!' \n\lToken Count:: \n0 \n\lToken Range:: \n9 - 9 \n\lLine Count:: \n0 \n\lLine Range:: \n2 - 2 \n\lSource Code:: \n  print *, 'Goodbye, World!'
 \n"] 
"'Goodbye, World!'99" [label="\lRule:: \nAndOperandContext \n\lValue:: \n'Goodbye, World!' \n\lToken Count:: \n0 \n\lToken Range:: \n9 - 9 \n\lLine Count:: \n0 \n\lLine Range:: \n2 - 2 \n\lSource Code:: \n  print *, 'Goodbye, World!'
 \n"] 
"'Goodbye, World!'99" [label="\lRule:: \nLevel4ExprContext \n\lValue:: \n'Goodbye, World!' \n\lToken Count:: \n0 \n\lToken Range:: \n9 - 9 \n\lLine Count:: \n0 \n\lLine Range:: \n2 - 2 \n\lSource Code:: \n  print *, 'Goodbye, World!'
 \n"] 
"'Goodbye, World!'99" [label="\lRule:: \nLevel3ExprContext \n\lValue:: \n'Goodbye, World!' \n\lToken Count:: \n0 \n\lToken Range:: \n9 - 9 \n\lLine Count:: \n0 \n\lLine Range:: \n2 - 2 \n\lSource Code:: \n  print *, 'Goodbye, World!'
 \n"] 
"'Goodbye, World!'99" [label="\lRule:: \nLevel2ExprContext \n\lValue:: \n'Goodbye, World!' \n\lToken Count:: \n0 \n\lToken Range:: \n9 - 9 \n\lLine Count:: \n0 \n\lLine Range:: \n2 - 2 \n\lSource Code:: \n  print *, 'Goodbye, World!'
 \n"] 
"'Goodbye, World!'99" [label="\lRule:: \nAddOperandContext \n\lValue:: \n'Goodbye, World!' \n\lToken Count:: \n0 \n\lToken Range:: \n9 - 9 \n\lLine Count:: \n0 \n\lLine Range:: \n2 - 2 \n\lSource Code:: \n  print *, 'Goodbye, World!'
 \n"] 
"'Goodbye, World!'99" [label="\lRule:: \nMultOperandContext \n\lValue:: \n'Goodbye, World!' \n\lToken Count:: \n0 \n\lToken Range:: \n9 - 9 \n\lLine Count:: \n0 \n\lLine Range:: \n2 - 2 \n\lSource Code:: \n  print *, 'Goodbye, World!'
 \n"] 
"'Goodbye, World!'99" [label="\lRule:: \nLevel1ExprContext \n\lValue:: \n'Goodbye, World!' \n\lToken Count:: \n0 \n\lToken Range:: \n9 - 9 \n\lLine Count:: \n0 \n\lLine Range:: \n2 - 2 \n\lSource Code:: \n  print *, 'Goodbye, World!'
 \n"] 
"'Goodbye, World!'99" [label="\lRule:: \nPrimaryContext \n\lValue:: \n'Goodbye, World!' \n\lToken Count:: \n0 \n\lToken Range:: \n9 - 9 \n\lLine Count:: \n0 \n\lLine Range:: \n2 - 2 \n\lSource Code:: \n  print *, 'Goodbye, World!'
 \n"] 
"'Goodbye, World!'99" [label="\lRule:: \nTerminalNodeImpl \n\lValue:: \n'Goodbye, World!' \n\lToken Count:: \n0 \n\lToken Range:: \n9 - 9 \n\lLine Count:: \n0 \n\lLine Range:: \n2 - 2 \n\lSource Code:: \n  print *, 'Goodbye, World!'
 \n"] 
"print*,'Goodbye, World!'endprogramgoodbye415" -> "endprogramgoodbye1115" 
"endprogramgoodbye1115" [label="\lRule:: \nEndProgramStmtContext \n\lValue:: \nendprogramgoodbye \n\lToken Count:: \n4 \n\lToken Range:: \n11 - 15 \n\lLine Count:: \n1 \n\lLine Range:: \n2 - 3 \n\lSource Code:: \n  print *, 'Goodbye, World!'
end program goodbye
 \n"] 
"endprogramgoodbye1115" -> "end1115" 
"end1115" [label="\lRule:: \nTerminalNodeImpl \n\lValue:: \nend \n\lToken Count:: \n4 \n\lToken Range:: \n11 - 15 \n\lLine Count:: \n1 \n\lLine Range:: \n2 - 3 \n\lSource Code:: \n  print *, 'Goodbye, World!'
end program goodbye
 \n"] 
"endprogramgoodbye1115" -> "program1115" 
"program1115" [label="\lRule:: \nTerminalNodeImpl \n\lValue:: \nprogram \n\lToken Count:: \n4 \n\lToken Range:: \n11 - 15 \n\lLine Count:: \n1 \n\lLine Range:: \n2 - 3 \n\lSource Code:: \n  print *, 'Goodbye, World!'
end program goodbye
 \n"] 
"endprogramgoodbye1115" -> "goodbye1115" 
"goodbye1115" [label="\lRule:: \nTerminalNodeImpl \n\lValue:: \ngoodbye \n\lToken Count:: \n4 \n\lToken Range:: \n11 - 15 \n\lLine Count:: \n1 \n\lLine Range:: \n2 - 3 \n\lSource Code:: \n  print *, 'Goodbye, World!'
end program goodbye
 \n"] 
"programgoodbyeprint*,'Goodbye, World!'endprogramgoodbye<EOF>017" -> "<EOF>017" 
"<EOF>017" [label="\lRule:: \nTerminalNodeImpl \n\lValue:: \n<EOF> \n\lToken Count:: \n17 \n\lToken Range:: \n0 - 17 \n\lLine Count:: \n3 \n\lLine Range:: \n1 - 4 \n\lSource Code:: \nprogram goodbye
  print *, 'Goodbye, World!'
end program goodbye
 \n"] 
}


  Tokens JSON:
    {"tokens":[{"type":5,"text":"program","start":0,"stop":6},{"type":119,"text":" ","start":7,"stop":7},{"type":188,"text":"goodbye","start":8,"stop":14},{"type":119,"text":"\n  ","start":15,"stop":17},{"type":74,"text":"print","start":18,"stop":22},{"type":119,"text":" ","start":23,"stop":23},{"type":192,"text":"*","start":24,"stop":24},{"type":122,"text":",","start":25,"stop":25},{"type":119,"text":" ","start":26,"stop":26},{"type":177,"text":"\u0027Goodbye, World!\u0027","start":27,"stop":43},{"type":119,"text":"\n","start":44,"stop":44},{"type":12,"text":"end","start":45,"stop":47},{"type":119,"text":" ","start":48,"stop":48},{"type":5,"text":"program","start":49,"stop":55},{"type":119,"text":" ","start":56,"stop":56},{"type":188,"text":"goodbye","start":57,"stop":63},{"type":119,"text":"\n","start":64,"stop":64},{"type":-1,"text":"\u003cEOF\u003e","start":65,"stop":64}]}

  Token Count: 18
  Start line number: 1
  End line number: 4

  Antlr4 Parse Tree String: 
    (program (executableProgram (programUnit (mainProgram (programStmt program goodbye) (mainRange (body (bodyConstruct (executableConstruct (actionStmt (printStmt print (formatIdentifier *) , (outputItemList (expression (level5Expr (equivOperand (orOperand (andOperand (level4Expr (level3Expr (level2Expr (addOperand (multOperand (level1Expr (primary 'Goodbye, World!')))))))))))))))))) (endProgramStmt end program goodbye))))) <EOF>)
